<?xml version="1.0" encoding="UTF-8"?>
<testng-results skipped="0" failed="0" ignored="0" total="1" passed="1">
  <reporter-output>
  </reporter-output>
  <suite name="Suite" duration-ms="128" started-at="2021-05-09T23:34:22 IST" finished-at="2021-05-09T23:34:22 IST">
    <groups>
    </groups>
    <test name="Test" duration-ms="128" started-at="2021-05-09T23:34:22 IST" finished-at="2021-05-09T23:34:22 IST">
      <class name="com.TestNG.Parameterized_Concept">
        <test-method status="PASS" signature="Demo(java.lang.String,int)[pri:0, instance:com.TestNG.Parameterized_Concept@131276c2]" name="Demo" duration-ms="31" started-at="2021-05-09T23:34:22 IST" finished-at="2021-05-09T23:34:22 IST">
          <params>
            <param index="0">
              <value>
                <![CDATA[sana]]>
              </value>
            </param>
            <param index="1">
              <value>
                <![CDATA[786]]>
              </value>
            </param>
          </params>
          <reporter-output>
          </reporter-output>
        </test-method> <!-- Demo -->
      </class> <!-- com.TestNG.Parameterized_Concept -->
    </test> <!-- Test -->
  </suite> <!-- Suite -->
</testng-results>
